[16:41:38] [BANNER] DO_ALL - COMPLETE AUTOMATION PIPELINE
[16:41:38] [INFO] Executing everything: analysis, packaging, deployment, marketing
[16:41:38] [INFO] 
[16:41:38] [BANNER] STEP 1: TOKEN STATUS REPORT
[16:41:38] [INFO] Found 5 accounts
[16:41:39] [INFO] tellemthatsme: VALID | Public: 107 | Private: 208
[16:41:40] [INFO] leahmfoots: VALID | Public: 8 | Private: 90
[16:41:41] [INFO] acidlink: VALID | Public: 10 | Private: 29
[16:41:42] [INFO] Ashlee69r: VALID | Public: 5 | Private: 30
[16:41:43] [INFO] woodsai69rme: VALID | Public: 64 | Private: 279
[16:41:43] [BANNER] STEP 2: PREPARING PRODUCT PACKAGES
[16:41:43] [INFO] Found 534 repositories
[16:41:43] [INFO] Running repository analysis...
[16:41:43] [INFO] Running: Repo analysis
[16:41:43] [WARNING] Non-zero exit: Repo analysis
[16:41:43] [INFO] Packaging AI Agent Starter Kit...
[16:41:43] [SUCCESS] Product package: dist\ai-agent-starter-kit-v1.0.zip (0.0 MB)
[16:41:43] [BANNER] STEP 3: PREPARING DEPLOYMENT ASSETS
[16:41:43] [SUCCESS] Landing page: deploy/index.html
[16:41:43] [SUCCESS] All deployment assets prepared
[16:41:43] [BANNER] STEP 4: GENERATING DOCUMENTATION
[16:41:43] [SUCCESS] Created REVENUE_TRACKER.md
[16:41:43] [SUCCESS] Created MASTER_CHECKLIST.md
[16:41:43] [BANNER] EXECUTION SUMMARY
[16:41:43] [INFO] Total execution time: 4.9 seconds
[16:41:43] [INFO] 
DELIVERABLES STATUS:
[16:41:43] [INFO] ------------------------------------------------------------
[16:41:43] [INFO]   [READY   ] Product Package
[16:41:43] [INFO]   [READY   ] Product Info
[16:41:43] [INFO]   [READY   ] Landing Page
[16:41:43] [INFO]   [READY   ] Tweet Template
[16:41:43] [INFO]   [READY   ] Email Template
[16:41:43] [INFO]   [READY   ] Reddit Post
[16:41:43] [INFO]   [READY   ] Revenue Tracker
[16:41:43] [INFO]   [READY   ] Master Checklist
[16:41:43] [INFO]   [READY   ] Analytics Report
[16:41:43] [INFO] 
Ready: 9/9
[16:41:43] [INFO] 
NEXT ACTIONS:
[16:41:43] [INFO] ------------------------------------------------------------
[16:41:43] [INFO] 1. FIX TOKENS (Critical)
[16:41:43] [INFO]    python token_fix_wizard.py
[16:41:43] [INFO]    OR manually at github.com/settings/tokens
[16:41:43] [INFO] 
[16:41:43] [INFO] 2. DEPLOY LANDING PAGE
[16:41:43] [INFO]    Option A: python quickstart.py
[16:41:43] [INFO]    Option B: Drag deploy/ to netlify.com
[16:41:43] [INFO] 
[16:41:43] [INFO] 3. CREATE GUMROAD LISTING
[16:41:43] [INFO]    URL: gumroad.com
[16:41:43] [INFO]    Product: dist/ai-agent-starter-kit-v1.0.zip
[16:41:43] [INFO]    Price: $299
[16:41:43] [INFO] 
[16:41:43] [INFO] 4. START MARKETING
[16:41:43] [INFO]    See marketing/ directory for templates
[16:41:43] [INFO] 
[16:41:43] [INFO] Full log: do_all_20260427_164138.log
[16:41:43] [INFO] 
[16:41:43] [INFO] ================================================================================
[16:41:43] [INFO]                                 READY TO LAUNCH                                 
[16:41:43] [INFO] ================================================================================
[16:41:43] [INFO] 
All steps completed!
[16:41:43] [INFO] Review do_all_20260427_164138.log for details
