[13:15:19] [BANNER] DO_ALL - COMPLETE AUTOMATION PIPELINE
[13:15:19] [INFO] Executing everything: analysis, packaging, deployment, marketing
[13:15:19] [INFO] 
[13:15:19] [BANNER] STEP 1: TOKEN STATUS REPORT
[13:15:19] [INFO] Found 5 accounts
[13:15:21] [INFO] tellemthatsme: MISSING_REPO_SCOPE | Public: 106 | Private: 0
[13:15:22] [INFO] leahmfoots: MISSING_REPO_SCOPE | Public: 8 | Private: 0
[13:15:22] [INFO] acidlink: MISSING_REPO_SCOPE | Public: 10 | Private: 0
[13:15:23] [INFO] Ashlee69r: MISSING_REPO_SCOPE | Public: 5 | Private: 0
[13:15:26] [INFO] woodsai69rme: MISSING_REPO_SCOPE | Public: 64 | Private: 0
[13:15:26] [BANNER] STEP 2: PREPARING PRODUCT PACKAGES
[13:15:26] [INFO] Found 153 repositories
[13:15:26] [INFO] Running repository analysis...
[13:15:26] [INFO] Running: Repo analysis
[13:15:26] [WARNING] Non-zero exit: Repo analysis
[13:15:26] [INFO] Packaging AI Agent Starter Kit...
[13:15:26] [SUCCESS] Product package: dist\ai-agent-starter-kit-v1.0.zip (0.0 MB)
[13:15:26] [BANNER] STEP 3: PREPARING DEPLOYMENT ASSETS
[13:15:26] [SUCCESS] Landing page: deploy/index.html
[13:15:26] [SUCCESS] All deployment assets prepared
[13:15:26] [BANNER] STEP 4: GENERATING DOCUMENTATION
[13:15:26] [SUCCESS] Created REVENUE_TRACKER.md
[13:15:26] [SUCCESS] Created MASTER_CHECKLIST.md
[13:15:26] [BANNER] EXECUTION SUMMARY
[13:15:26] [INFO] Total execution time: 6.9 seconds
[13:15:26] [INFO] 
DELIVERABLES STATUS:
[13:15:26] [INFO] ------------------------------------------------------------
[13:15:26] [INFO]   [READY   ] Product Package
[13:15:26] [INFO]   [READY   ] Product Info
[13:15:26] [INFO]   [READY   ] Landing Page
[13:15:26] [INFO]   [READY   ] Tweet Template
[13:15:26] [INFO]   [READY   ] Email Template
[13:15:26] [INFO]   [READY   ] Reddit Post
[13:15:26] [INFO]   [READY   ] Revenue Tracker
[13:15:26] [INFO]   [READY   ] Master Checklist
[13:15:26] [INFO]   [READY   ] Analytics Report
[13:15:26] [INFO] 
Ready: 9/9
[13:15:26] [INFO] 
NEXT ACTIONS:
[13:15:26] [INFO] ------------------------------------------------------------
[13:15:26] [INFO] 1. FIX TOKENS (Critical)
[13:15:26] [INFO]    python token_fix_wizard.py
[13:15:26] [INFO]    OR manually at github.com/settings/tokens
[13:15:26] [INFO] 
[13:15:26] [INFO] 2. DEPLOY LANDING PAGE
[13:15:26] [INFO]    Option A: python quickstart.py
[13:15:26] [INFO]    Option B: Drag deploy/ to netlify.com
[13:15:26] [INFO] 
[13:15:26] [INFO] 3. CREATE GUMROAD LISTING
[13:15:26] [INFO]    URL: gumroad.com
[13:15:26] [INFO]    Product: dist/ai-agent-starter-kit-v1.0.zip
[13:15:26] [INFO]    Price: $299
[13:15:26] [INFO] 
[13:15:26] [INFO] 4. START MARKETING
[13:15:26] [INFO]    See marketing/ directory for templates
[13:15:26] [INFO] 
[13:15:26] [INFO] Full log: do_all_20260423_131519.log
[13:15:26] [INFO] 
[13:15:26] [INFO] ================================================================================
[13:15:26] [INFO]                                 READY TO LAUNCH                                 
[13:15:26] [INFO] ================================================================================
[13:15:26] [INFO] 
All steps completed!
[13:15:26] [INFO] Review do_all_20260423_131519.log for details
